2026-03-16 15:57:12,706 26512 INFO ? odoo: Odoo version 18.0 
2026-03-16 15:57:12,706 26512 INFO ? odoo: Using configuration file at D:\Dev\Odoo\mvis1\odoo.conf 
2026-03-16 15:57:12,706 26512 INFO ? odoo: addons paths: ['D:\\Dev\\Odoo\\mvis1\\odoo\\addons', 'd:\\dev\\odoo\\mvis1\\addons\\18.0', 'd:\\dev\\odoo\\mvis1\\addons', 'd:\\git\\odoo_custom_addons\\_active', 'd:\\git\\odoo_3rd_party_addons\\_active', 'd:\\git\\odoo_3rd_party_addons\\_active\\openeducat_erp', 'd:\\dev\\odoo\\mvis1\\odoo\\addons'] 
2026-03-16 15:57:12,706 26512 INFO ? odoo: database: odoo@localhost:5432 
2026-03-16 15:57:12,864 26512 INFO ? odoo.addons.base.models.ir_actions_report: Will use the Wkhtmltopdf binary at C:\Program Files\wkhtmltopdf\bin\wkhtmltopdf.exe 
2026-03-16 15:57:12,883 26512 INFO ? odoo.addons.base.models.ir_actions_report: Will use the Wkhtmltoimage binary at C:\Program Files\wkhtmltopdf\bin\wkhtmltoimage.exe 
2026-03-16 15:57:13,222 26512 INFO odoo18v3 odoo.modules.loading: loading 1 modules... 
2026-03-16 15:57:13,227 26512 INFO odoo18v3 odoo.modules.loading: 1 modules loaded in 0.00s, 0 queries (+0 extra) 
2026-03-16 15:57:13,243 26512 INFO odoo18v3 odoo.modules.loading: updating modules list 
2026-03-16 15:57:13,247 26512 INFO odoo18v3 odoo.addons.base.models.ir_module: ALLOW access to module.update_list on [] to user __system__ #1 via n/a 
2026-03-16 15:57:13,365 26512 WARNING odoo18v3 odoo.modules.module: Missing `license` key in manifest for 'calendar_display_options', defaulting to LGPL-3 
2026-03-16 15:57:13,392 26512 WARNING odoo18v3 odoo.modules.module: Missing `license` key in manifest for 'educational_games', defaulting to LGPL-3 
2026-03-16 15:57:13,412 26512 WARNING odoo18v3 odoo.modules.module: Missing `license` key in manifest for 'hr_contract_extended', defaulting to LGPL-3 
2026-03-16 15:57:13,413 26512 WARNING odoo18v3 odoo.modules.module: Missing `license` key in manifest for 'hr_contract_print', defaulting to LGPL-3 
2026-03-16 15:57:13,422 26512 WARNING odoo18v3 odoo.modules.module: Missing `license` key in manifest for 'hr_job_website_extension', defaulting to LGPL-3 
2026-03-16 15:57:13,879 26512 WARNING odoo18v3 py.warnings: <unknown>:42: SyntaxWarning: invalid escape sequence '\p'
  File "D:\Dev\Odoo\mvis1\odoo-bin", line 8, in <module>
    odoo.cli.main()
  File "D:\Dev\Odoo\mvis1\odoo\cli\command.py", line 66, in main
    o.run(args)
  File "D:\Dev\Odoo\mvis1\odoo\cli\server.py", line 180, in run
    main(args)
  File "D:\Dev\Odoo\mvis1\odoo\cli\server.py", line 173, in main
    rc = odoo.service.server.start(preload=preload, stop=stop)
  File "D:\Dev\Odoo\mvis1\odoo\service\server.py", line 1414, in start
    rc = server.run(preload, stop)
  File "D:\Dev\Odoo\mvis1\odoo\service\server.py", line 581, in run
    rc = preload_registries(preload)
  File "D:\Dev\Odoo\mvis1\odoo\service\server.py", line 1318, in preload_registries
    registry = Registry.new(dbname, update_module=update_module)
  File "C:\Users\roger\AppData\Roaming\Python\Python312\site-packages\decorator.py", line 232, in fun
    return caller(func, *(extras + args), **kw)
  File "D:\Dev\Odoo\mvis1\odoo\tools\func.py", line 97, in locked
    return func(inst, *args, **kwargs)
  File "D:\Dev\Odoo\mvis1\odoo\modules\registry.py", line 127, in new
    odoo.modules.load_modules(registry, force_demo, status, update_module)
  File "D:\Dev\Odoo\mvis1\odoo\modules\loading.py", line 439, in load_modules
    Module.update_list()
  File "C:\Users\roger\AppData\Roaming\Python\Python312\site-packages\decorator.py", line 232, in fun
    return caller(func, *(extras + args), **kw)
  File "D:\Dev\Odoo\mvis1\odoo\addons\base\models\ir_module.py", line 75, in check_and_log
    return method(self, *args, **kwargs)
  File "D:\Dev\Odoo\mvis1\odoo\addons\base\models\ir_module.py", line 772, in update_list
    terp = self.get_module_info(mod_name)
  File "D:\Dev\Odoo\mvis1\odoo\addons\base\models\ir_module.py", line 162, in get_module_info
    return modules.get_manifest(name)
  File "D:\Dev\Odoo\mvis1\odoo\modules\module.py", line 363, in get_manifest
    return copy.deepcopy(_get_manifest_cached(module, mod_path))
  File "D:\Dev\Odoo\mvis1\odoo\modules\module.py", line 367, in _get_manifest_cached
    return load_manifest(module, mod_path)
  File "D:\Dev\Odoo\mvis1\odoo\modules\module.py", line 313, in load_manifest
    manifest.update(ast.literal_eval(f.read()))
  File "D:\Dev\Odoo\mvis1\odoo\_monkeypatches\literal_eval.py", line 28, in literal_eval
    return orig_literal_eval(expr)
  File "C:\Program Files\Python312\Lib\ast.py", line 66, in literal_eval
    node_or_string = parse(node_or_string.lstrip(" \t"), mode='eval')
  File "C:\Program Files\Python312\Lib\ast.py", line 52, in parse
    return compile(source, filename, mode, flags,
  File "C:\Program Files\Python312\Lib\warnings.py", line 112, in _showwarnmsg
    sw(msg.message, msg.category, msg.filename, msg.lineno,
  File "D:\Dev\Odoo\mvis1\odoo\netsvc.py", line 345, in showwarning_with_traceback
    for frame in traceback.extract_stack():
 
2026-03-16 15:57:13,919 26512 WARNING odoo18v3 odoo.modules.module: Missing `license` key in manifest for 'product_variant_image_update', defaulting to LGPL-3 
2026-03-16 15:57:14,130 26512 INFO odoo18v3 odoo.addons.base.models.ir_module: ALLOW access to module.button_upgrade on ['aUI Enhancements'] to user __system__ #1 via n/a 
2026-03-16 15:57:14,130 26512 INFO odoo18v3 odoo.addons.base.models.ir_module: ALLOW access to module.update_list on ['aUI Enhancements'] to user __system__ #1 via n/a 
2026-03-16 15:57:14,660 26512 INFO odoo18v3 odoo.addons.base.models.ir_module: ALLOW access to module.button_install on [] to user __system__ #1 via n/a 
2026-03-16 15:57:14,718 26512 WARNING odoo18v3 odoo.modules.graph: module smile_odoo_editor_align: not installable, skipped 
2026-03-16 15:57:14,725 26512 INFO odoo18v3 odoo.modules.loading: loading 188 modules... 
2026-03-16 15:57:14,737 26512 WARNING odoo18v3 odoo.addons.attachment_indexation.models.ir_attachment: Attachment indexation of PDF documents is unavailable because the 'pdfminer' Python library cannot be found on the system. You may install it from https://pypi.org/project/pdfminer.six/ (e.g. `pip3 install pdfminer.six`) 
2026-03-16 15:57:14,738 26512 INFO odoo18v3 odoo.modules.loading: Loading module aui_enhancements (9/188) 
2026-03-16 15:57:14,773 26512 INFO odoo18v3 odoo.modules.registry: module aui_enhancements: creating or updating database tables 
2026-03-16 15:57:14,820 26512 INFO odoo18v3 odoo.modules.loading: loading aui_enhancements/security/ir.model.access.csv 
2026-03-16 15:57:14,834 26512 INFO odoo18v3 odoo.modules.loading: loading aui_enhancements/views/aui_settings_views.xml 
2026-03-16 15:57:14,856 26512 INFO odoo18v3 odoo.addons.base.models.ir_module: module aui_enhancements: no translation for language en_GB 
2026-03-16 15:57:14,871 26512 INFO odoo18v3 odoo.modules.loading: Module aui_enhancements loaded in 0.13s, 88 queries (+88 other) 
2026-03-16 15:57:15,359 26512 WARNING odoo18v3 py.warnings: D:\Dev\Odoo\mvis1\odoo\api.py:482: DeprecationWarning: The model odoo.addons.email_from_transformer.models.mail_message is not overriding the create method in batch
  File "D:\Dev\Odoo\mvis1\odoo-bin", line 8, in <module>
    odoo.cli.main()
  File "D:\Dev\Odoo\mvis1\odoo\cli\command.py", line 66, in main
    o.run(args)
  File "D:\Dev\Odoo\mvis1\odoo\cli\server.py", line 180, in run
    main(args)
  File "D:\Dev\Odoo\mvis1\odoo\cli\server.py", line 173, in main
    rc = odoo.service.server.start(preload=preload, stop=stop)
  File "D:\Dev\Odoo\mvis1\odoo\service\server.py", line 1414, in start
    rc = server.run(preload, stop)
  File "D:\Dev\Odoo\mvis1\odoo\service\server.py", line 581, in run
    rc = preload_registries(preload)
  File "D:\Dev\Odoo\mvis1\odoo\service\server.py", line 1318, in preload_registries
    registry = Registry.new(dbname, update_module=update_module)
  File "C:\Users\roger\AppData\Roaming\Python\Python312\site-packages\decorator.py", line 232, in fun
    return caller(func, *(extras + args), **kw)
  File "D:\Dev\Odoo\mvis1\odoo\tools\func.py", line 97, in locked
    return func(inst, *args, **kwargs)
  File "D:\Dev\Odoo\mvis1\odoo\modules\registry.py", line 127, in new
    odoo.modules.load_modules(registry, force_demo, status, update_module)
  File "D:\Dev\Odoo\mvis1\odoo\modules\loading.py", line 476, in load_modules
    processed_modules += load_marked_modules(env, graph,
  File "D:\Dev\Odoo\mvis1\odoo\modules\loading.py", line 364, in load_marked_modules
    loaded, processed = load_module_graph(
  File "D:\Dev\Odoo\mvis1\odoo\modules\loading.py", line 185, in load_module_graph
    load_openerp_module(package.name)
  File "D:\Dev\Odoo\mvis1\odoo\modules\module.py", line 384, in load_openerp_module
    __import__(qualname)
  File "d:\git\odoo_custom_addons\_active\email_from_transformer\__init__.py", line 1, in <module>
    from . import models
  File "d:\git\odoo_custom_addons\_active\email_from_transformer\models\__init__.py", line 1, in <module>
    from . import mail_message
  File "d:\git\odoo_custom_addons\_active\email_from_transformer\models\mail_message.py", line 10, in <module>
    class MailMessage(models.Model):
  File "d:\git\odoo_custom_addons\_active\email_from_transformer\models\mail_message.py", line 13, in MailMessage
    @api.model
  File "D:\Dev\Odoo\mvis1\odoo\api.py", line 429, in model
    return model_create_single(method)
  File "D:\Dev\Odoo\mvis1\odoo\api.py", line 482, in model_create_single
    warnings.warn(
 
2026-03-16 15:57:16,012 26512 WARNING odoo18v3 odoo.tools.translate: no translation language detected, skipping translation <frame at 0x000002250A2C2E90, file 'd:\\dev\\odoo\\mvis1\\addons\\om_account_followup\\wizard\\followup_print.py', line 34, code FollowupPrint> 
Stack (most recent call last):
  File "D:\Dev\Odoo\mvis1\odoo-bin", line 8, in <module>
    odoo.cli.main()
  File "D:\Dev\Odoo\mvis1\odoo\cli\command.py", line 66, in main
    o.run(args)
  File "D:\Dev\Odoo\mvis1\odoo\cli\server.py", line 180, in run
    main(args)
  File "D:\Dev\Odoo\mvis1\odoo\cli\server.py", line 173, in main
    rc = odoo.service.server.start(preload=preload, stop=stop)
  File "D:\Dev\Odoo\mvis1\odoo\service\server.py", line 1414, in start
    rc = server.run(preload, stop)
  File "D:\Dev\Odoo\mvis1\odoo\service\server.py", line 581, in run
    rc = preload_registries(preload)
  File "D:\Dev\Odoo\mvis1\odoo\service\server.py", line 1318, in preload_registries
    registry = Registry.new(dbname, update_module=update_module)
  File "C:\Users\roger\AppData\Roaming\Python\Python312\site-packages\decorator.py", line 232, in fun
    return caller(func, *(extras + args), **kw)
  File "D:\Dev\Odoo\mvis1\odoo\tools\func.py", line 97, in locked
    return func(inst, *args, **kwargs)
  File "D:\Dev\Odoo\mvis1\odoo\modules\registry.py", line 127, in new
    odoo.modules.load_modules(registry, force_demo, status, update_module)
  File "D:\Dev\Odoo\mvis1\odoo\modules\loading.py", line 476, in load_modules
    processed_modules += load_marked_modules(env, graph,
  File "D:\Dev\Odoo\mvis1\odoo\modules\loading.py", line 364, in load_marked_modules
    loaded, processed = load_module_graph(
  File "D:\Dev\Odoo\mvis1\odoo\modules\loading.py", line 185, in load_module_graph
    load_openerp_module(package.name)
  File "D:\Dev\Odoo\mvis1\odoo\modules\module.py", line 384, in load_openerp_module
    __import__(qualname)
  File "<frozen importlib._bootstrap>", line 1360, in _find_and_load
  File "<frozen importlib._bootstrap>", line 1331, in _find_and_load_unlocked
  File "<frozen importlib._bootstrap>", line 935, in _load_unlocked
  File "<frozen importlib._bootstrap_external>", line 999, in exec_module
  File "<frozen importlib._bootstrap>", line 488, in _call_with_frames_removed
  File "d:\dev\odoo\mvis1\addons\om_account_followup\__init__.py", line 1, in <module>
    from . import wizard
  File "<frozen importlib._bootstrap>", line 1415, in _handle_fromlist
  File "<frozen importlib._bootstrap>", line 488, in _call_with_frames_removed
  File "<frozen importlib._bootstrap>", line 1360, in _find_and_load
  File "<frozen importlib._bootstrap>", line 1331, in _find_and_load_unlocked
  File "<frozen importlib._bootstrap>", line 935, in _load_unlocked
  File "<frozen importlib._bootstrap_external>", line 999, in exec_module
  File "<frozen importlib._bootstrap>", line 488, in _call_with_frames_removed
  File "d:\dev\odoo\mvis1\addons\om_account_followup\wizard\__init__.py", line 1, in <module>
    from . import followup_print
  File "<frozen importlib._bootstrap>", line 1415, in _handle_fromlist
  File "<frozen importlib._bootstrap>", line 488, in _call_with_frames_removed
  File "<frozen importlib._bootstrap>", line 1360, in _find_and_load
  File "<frozen importlib._bootstrap>", line 1331, in _find_and_load_unlocked
  File "<frozen importlib._bootstrap>", line 935, in _load_unlocked
  File "<frozen importlib._bootstrap_external>", line 999, in exec_module
  File "<frozen importlib._bootstrap>", line 488, in _call_with_frames_removed
  File "d:\dev\odoo\mvis1\addons\om_account_followup\wizard\followup_print.py", line 7, in <module>
    class FollowupPrint(models.TransientModel):
  File "d:\dev\odoo\mvis1\addons\om_account_followup\wizard\followup_print.py", line 34, in FollowupPrint
    default=_('Invoices Reminder'))
  File "D:\Dev\Odoo\mvis1\odoo\tools\translate.py", line 607, in get_text_alias
    module, lang = _get_translation_source(1)
  File "D:\Dev\Odoo\mvis1\odoo\tools\translate.py", line 596, in _get_translation_source
    lang = lang or _get_lang(frame, default_lang)
  File "D:\Dev\Odoo\mvis1\odoo\tools\translate.py", line 587, in _get_lang
    _logger.log(log_level, 'no translation language detected, skipping translation %s', frame, stack_info=True)
2026-03-16 15:57:16,243 26512 INFO odoo18v3 odoo.modules.loading: Loading module aps_sis (147/188) 
2026-03-16 15:57:16,539 26512 WARNING odoo18v3 py.warnings: D:\Dev\Odoo\mvis1\odoo\api.py:482: DeprecationWarning: The model odoo.addons.aps_sis.models.aps_resources is not overriding the create method in batch
  File "D:\Dev\Odoo\mvis1\odoo-bin", line 8, in <module>
    odoo.cli.main()
  File "D:\Dev\Odoo\mvis1\odoo\cli\command.py", line 66, in main
    o.run(args)
  File "D:\Dev\Odoo\mvis1\odoo\cli\server.py", line 180, in run
    main(args)
  File "D:\Dev\Odoo\mvis1\odoo\cli\server.py", line 173, in main
    rc = odoo.service.server.start(preload=preload, stop=stop)
  File "D:\Dev\Odoo\mvis1\odoo\service\server.py", line 1414, in start
    rc = server.run(preload, stop)
  File "D:\Dev\Odoo\mvis1\odoo\service\server.py", line 581, in run
    rc = preload_registries(preload)
  File "D:\Dev\Odoo\mvis1\odoo\service\server.py", line 1318, in preload_registries
    registry = Registry.new(dbname, update_module=update_module)
  File "C:\Users\roger\AppData\Roaming\Python\Python312\site-packages\decorator.py", line 232, in fun
    return caller(func, *(extras + args), **kw)
  File "D:\Dev\Odoo\mvis1\odoo\tools\func.py", line 97, in locked
    return func(inst, *args, **kwargs)
  File "D:\Dev\Odoo\mvis1\odoo\modules\registry.py", line 127, in new
    odoo.modules.load_modules(registry, force_demo, status, update_module)
  File "D:\Dev\Odoo\mvis1\odoo\modules\loading.py", line 476, in load_modules
    processed_modules += load_marked_modules(env, graph,
  File "D:\Dev\Odoo\mvis1\odoo\modules\loading.py", line 364, in load_marked_modules
    loaded, processed = load_module_graph(
  File "D:\Dev\Odoo\mvis1\odoo\modules\loading.py", line 185, in load_module_graph
    load_openerp_module(package.name)
  File "D:\Dev\Odoo\mvis1\odoo\modules\module.py", line 384, in load_openerp_module
    __import__(qualname)
  File "d:\git\odoo_custom_addons\_active\aps_sis\__init__.py", line 1, in <module>
    from . import models, controllers, wizard, reports
  File "d:\git\odoo_custom_addons\_active\aps_sis\models\__init__.py", line 2, in <module>
    from . import aps_resources
  File "d:\git\odoo_custom_addons\_active\aps_sis\models\aps_resources.py", line 108, in <module>
    class APSResource(models.Model):
  File "d:\git\odoo_custom_addons\_active\aps_sis\models\aps_resources.py", line 820, in APSResource
    @api.model
  File "D:\Dev\Odoo\mvis1\odoo\api.py", line 429, in model
    return model_create_single(method)
  File "D:\Dev\Odoo\mvis1\odoo\api.py", line 482, in model_create_single
    warnings.warn(
 
2026-03-16 15:57:16,682 26512 WARNING odoo18v3 odoo.fields: Field aps.resource.task.state: unknown parameter 'decoration_success', if this is an actual parameter you may want to override the method _valid_field_parameter on the relevant model in order to allow it 
2026-03-16 15:57:16,682 26512 WARNING odoo18v3 odoo.fields: Field aps.resource.task.state: unknown parameter 'decoration_warning', if this is an actual parameter you may want to override the method _valid_field_parameter on the relevant model in order to allow it 
2026-03-16 15:57:16,682 26512 WARNING odoo18v3 odoo.fields: Field aps.resource.task.state: unknown parameter 'decoration_info', if this is an actual parameter you may want to override the method _valid_field_parameter on the relevant model in order to allow it 
2026-03-16 15:57:16,682 26512 WARNING odoo18v3 odoo.fields: Field aps.resource.task.state: unknown parameter 'decoration_danger', if this is an actual parameter you may want to override the method _valid_field_parameter on the relevant model in order to allow it 
2026-03-16 15:57:16,682 26512 WARNING odoo18v3 odoo.fields: Field aps.assign.students.wizard.affected_resource_line_ids: unknown parameter 'order', if this is an actual parameter you may want to override the method _valid_field_parameter on the relevant model in order to allow it 
2026-03-16 15:57:16,721 26512 INFO odoo18v3 odoo.modules.registry: module aps_sis: creating or updating database tables 
2026-03-16 15:57:16,814 26512 WARNING odoo18v3 odoo.addons.base.models.ir_model: Two fields (display_name, resource_id) of aps.assign.students.wizard.line() have the same label: Resource. [Modules: aps_sis and aps_sis] 
2026-03-16 15:57:16,815 26512 WARNING odoo18v3 odoo.addons.base.models.ir_model: Two fields (parent_resource_id, resource_id) of aps.assign.students.wizard.line() have the same label: Resource. [Modules: aps_sis and aps_sis] 
2026-03-16 15:57:16,815 26512 WARNING odoo18v3 odoo.addons.base.models.ir_model: Two fields (state_value, points_scale_value) of aps.submission.mass.update.wizard() have the same label: Value. [Modules: aps_sis and aps_sis] 
2026-03-16 15:57:16,815 26512 WARNING odoo18v3 odoo.addons.base.models.ir_model: Two fields (due_date_value, points_scale_value) of aps.submission.mass.update.wizard() have the same label: Value. [Modules: aps_sis and aps_sis] 
2026-03-16 15:57:16,815 26512 WARNING odoo18v3 odoo.addons.base.models.ir_model: Two fields (points_value, points_scale_value) of aps.submission.mass.update.wizard() have the same label: Value. [Modules: aps_sis and aps_sis] 
2026-03-16 15:57:16,815 26512 WARNING odoo18v3 odoo.addons.base.models.ir_model: Two fields (submission_active_value, points_scale_value) of aps.submission.mass.update.wizard() have the same label: Value. [Modules: aps_sis and aps_sis] 
2026-03-16 15:57:16,815 26512 WARNING odoo18v3 odoo.addons.base.models.ir_model: Two fields (date_assigned_value, points_scale_value) of aps.submission.mass.update.wizard() have the same label: Value. [Modules: aps_sis and aps_sis] 
2026-03-16 15:57:16,815 26512 WARNING odoo18v3 odoo.addons.base.models.ir_model: Two fields (time_assigned_value, points_scale_value) of aps.submission.mass.update.wizard() have the same label: Value. [Modules: aps_sis and aps_sis] 
2026-03-16 15:57:16,815 26512 WARNING odoo18v3 odoo.addons.base.models.ir_model: Two fields (date_submitted_value, points_scale_value) of aps.submission.mass.update.wizard() have the same label: Value. [Modules: aps_sis and aps_sis] 
2026-03-16 15:57:16,815 26512 WARNING odoo18v3 odoo.addons.base.models.ir_model: Two fields (date_completed_value, points_scale_value) of aps.submission.mass.update.wizard() have the same label: Value. [Modules: aps_sis and aps_sis] 
2026-03-16 15:57:16,815 26512 WARNING odoo18v3 odoo.addons.base.models.ir_model: Two fields (score_value, points_scale_value) of aps.submission.mass.update.wizard() have the same label: Value. [Modules: aps_sis and aps_sis] 
2026-03-16 15:57:16,815 26512 WARNING odoo18v3 odoo.addons.base.models.ir_model: Two fields (out_of_marks_value, points_scale_value) of aps.submission.mass.update.wizard() have the same label: Value. [Modules: aps_sis and aps_sis] 
2026-03-16 15:57:16,815 26512 WARNING odoo18v3 odoo.addons.base.models.ir_model: Two fields (submission_name_value, points_scale_value) of aps.submission.mass.update.wizard() have the same label: Value. [Modules: aps_sis and aps_sis] 
2026-03-16 15:57:16,815 26512 WARNING odoo18v3 odoo.addons.base.models.ir_model: Two fields (due_status_value, points_scale_value) of aps.submission.mass.update.wizard() have the same label: Value. [Modules: aps_sis and aps_sis] 
2026-03-16 15:57:16,815 26512 WARNING odoo18v3 odoo.addons.base.models.ir_model: Two fields (notification_state_value, points_scale_value) of aps.submission.mass.update.wizard() have the same label: Value. [Modules: aps_sis and aps_sis] 
2026-03-16 15:57:16,815 26512 WARNING odoo18v3 odoo.addons.base.models.ir_model: Two fields (subjects_value, points_scale_value) of aps.submission.mass.update.wizard() have the same label: Value. [Modules: aps_sis and aps_sis] 
2026-03-16 15:57:16,815 26512 WARNING odoo18v3 odoo.addons.base.models.ir_model: Two fields (question_value, points_scale_value) of aps.submission.mass.update.wizard() have the same label: Value. [Modules: aps_sis and aps_sis] 
2026-03-16 15:57:16,815 26512 WARNING odoo18v3 odoo.addons.base.models.ir_model: Two fields (answer_value, points_scale_value) of aps.submission.mass.update.wizard() have the same label: Value. [Modules: aps_sis and aps_sis] 
2026-03-16 15:57:16,815 26512 WARNING odoo18v3 odoo.addons.base.models.ir_model: Two fields (model_answer_value, points_scale_value) of aps.submission.mass.update.wizard() have the same label: Value. [Modules: aps_sis and aps_sis] 
2026-03-16 15:57:16,815 26512 WARNING odoo18v3 odoo.addons.base.models.ir_model: Two fields (feedback_value, points_scale_value) of aps.submission.mass.update.wizard() have the same label: Value. [Modules: aps_sis and aps_sis] 
2026-03-16 15:57:16,815 26512 WARNING odoo18v3 odoo.addons.base.models.ir_model: Two fields (description_value, name_value) of aps.resource.mass.update.wizard() have the same label: Value. [Modules: aps_sis and aps_sis] 
2026-03-16 15:57:16,815 26512 WARNING odoo18v3 odoo.addons.base.models.ir_model: Two fields (type_id_value, name_value) of aps.resource.mass.update.wizard() have the same label: Value. [Modules: aps_sis and aps_sis] 
2026-03-16 15:57:16,815 26512 WARNING odoo18v3 odoo.addons.base.models.ir_model: Two fields (category_value, name_value) of aps.resource.mass.update.wizard() have the same label: Value. [Modules: aps_sis and aps_sis] 
2026-03-16 15:57:16,815 26512 WARNING odoo18v3 odoo.addons.base.models.ir_model: Two fields (marks_value, name_value) of aps.resource.mass.update.wizard() have the same label: Value. [Modules: aps_sis and aps_sis] 
2026-03-16 15:57:16,815 26512 WARNING odoo18v3 odoo.addons.base.models.ir_model: Two fields (points_scale_value, name_value) of aps.resource.mass.update.wizard() have the same label: Value. [Modules: aps_sis and aps_sis] 
2026-03-16 15:57:16,815 26512 WARNING odoo18v3 odoo.addons.base.models.ir_model: Two fields (score_contributes_to_parent_value, name_value) of aps.resource.mass.update.wizard() have the same label: Value. [Modules: aps_sis and aps_sis] 
2026-03-16 15:57:16,815 26512 WARNING odoo18v3 odoo.addons.base.models.ir_model: Two fields (url_value, name_value) of aps.resource.mass.update.wizard() have the same label: Value. [Modules: aps_sis and aps_sis] 
2026-03-16 15:57:16,815 26512 WARNING odoo18v3 odoo.addons.base.models.ir_model: Two fields (has_question_value, name_value) of aps.resource.mass.update.wizard() have the same label: Value. [Modules: aps_sis and aps_sis] 
2026-03-16 15:57:16,815 26512 WARNING odoo18v3 odoo.addons.base.models.ir_model: Two fields (has_answer_value, name_value) of aps.resource.mass.update.wizard() have the same label: Value. [Modules: aps_sis and aps_sis] 
2026-03-16 15:57:16,815 26512 WARNING odoo18v3 odoo.addons.base.models.ir_model: Two fields (has_notes_value, name_value) of aps.resource.mass.update.wizard() have the same label: Value. [Modules: aps_sis and aps_sis] 
2026-03-16 15:57:16,815 26512 WARNING odoo18v3 odoo.addons.base.models.ir_model: Two fields (has_lesson_plan_value, name_value) of aps.resource.mass.update.wizard() have the same label: Value. [Modules: aps_sis and aps_sis] 
2026-03-16 15:57:16,815 26512 WARNING odoo18v3 odoo.addons.base.models.ir_model: Two fields (has_default_answer_value, name_value) of aps.resource.mass.update.wizard() have the same label: Value. [Modules: aps_sis and aps_sis] 
2026-03-16 15:57:16,815 26512 WARNING odoo18v3 odoo.addons.base.models.ir_model: Two fields (has_child_resources_value, name_value) of aps.resource.mass.update.wizard() have the same label: Value. [Modules: aps_sis and aps_sis] 
2026-03-16 15:57:16,815 26512 WARNING odoo18v3 odoo.addons.base.models.ir_model: Two fields (has_supporting_resources_value, name_value) of aps.resource.mass.update.wizard() have the same label: Value. [Modules: aps_sis and aps_sis] 
2026-03-16 15:57:16,815 26512 WARNING odoo18v3 odoo.addons.base.models.ir_model: Two fields (allow_subject_editing_value, name_value) of aps.resource.mass.update.wizard() have the same label: Value. [Modules: aps_sis and aps_sis] 
2026-03-16 15:57:16,815 26512 WARNING odoo18v3 odoo.addons.base.models.ir_model: Two fields (question_value, name_value) of aps.resource.mass.update.wizard() have the same label: Value. [Modules: aps_sis and aps_sis] 
2026-03-16 15:57:16,815 26512 WARNING odoo18v3 odoo.addons.base.models.ir_model: Two fields (answer_value, name_value) of aps.resource.mass.update.wizard() have the same label: Value. [Modules: aps_sis and aps_sis] 
2026-03-16 15:57:16,815 26512 WARNING odoo18v3 odoo.addons.base.models.ir_model: Two fields (notes_value, name_value) of aps.resource.mass.update.wizard() have the same label: Value. [Modules: aps_sis and aps_sis] 
2026-03-16 15:57:16,815 26512 WARNING odoo18v3 odoo.addons.base.models.ir_model: Two fields (lesson_plan_value, name_value) of aps.resource.mass.update.wizard() have the same label: Value. [Modules: aps_sis and aps_sis] 
2026-03-16 15:57:16,816 26512 WARNING odoo18v3 odoo.addons.base.models.ir_model: Two fields (default_answer_value, name_value) of aps.resource.mass.update.wizard() have the same label: Value. [Modules: aps_sis and aps_sis] 
2026-03-16 15:57:16,816 26512 WARNING odoo18v3 odoo.addons.base.models.ir_model: Two fields (course_detail_ids_filtered, course_detail_ids) of op.student() have the same label: Course Details. [Modules: aps_sis and openeducat_core] 
2026-03-16 15:57:16,962 26512 WARNING odoo18v3 py.warnings: D:\Dev\Odoo\mvis1\odoo\fields.py:823: UserWarning: Field aps.resources.display_name should be declared with recursive=True
  File "D:\Dev\Odoo\mvis1\odoo-bin", line 8, in <module>
    odoo.cli.main()
  File "D:\Dev\Odoo\mvis1\odoo\cli\command.py", line 66, in main
    o.run(args)
  File "D:\Dev\Odoo\mvis1\odoo\cli\server.py", line 180, in run
    main(args)
  File "D:\Dev\Odoo\mvis1\odoo\cli\server.py", line 173, in main
    rc = odoo.service.server.start(preload=preload, stop=stop)
  File "D:\Dev\Odoo\mvis1\odoo\service\server.py", line 1414, in start
    rc = server.run(preload, stop)
  File "D:\Dev\Odoo\mvis1\odoo\service\server.py", line 581, in run
    rc = preload_registries(preload)
  File "D:\Dev\Odoo\mvis1\odoo\service\server.py", line 1318, in preload_registries
    registry = Registry.new(dbname, update_module=update_module)
  File "C:\Users\roger\AppData\Roaming\Python\Python312\site-packages\decorator.py", line 232, in fun
    return caller(func, *(extras + args), **kw)
  File "D:\Dev\Odoo\mvis1\odoo\tools\func.py", line 97, in locked
    return func(inst, *args, **kwargs)
  File "D:\Dev\Odoo\mvis1\odoo\modules\registry.py", line 127, in new
    odoo.modules.load_modules(registry, force_demo, status, update_module)
  File "D:\Dev\Odoo\mvis1\odoo\modules\loading.py", line 476, in load_modules
    processed_modules += load_marked_modules(env, graph,
  File "D:\Dev\Odoo\mvis1\odoo\modules\loading.py", line 364, in load_marked_modules
    loaded, processed = load_module_graph(
  File "D:\Dev\Odoo\mvis1\odoo\modules\loading.py", line 205, in load_module_graph
    registry.init_models(env.cr, model_names, {'module': package.name}, new_install)
  File "D:\Dev\Odoo\mvis1\odoo\modules\registry.py", line 614, in init_models
    func()
  File "D:\Dev\Odoo\mvis1\odoo\addons\base\models\ir_model.py", line 59, in mark_modified
    records.modified(fnames)
  File "D:\Dev\Odoo\mvis1\odoo\models.py", line 7157, in modified
    todo = [self._modified([self._fields[fname] for fname in fnames], create)]
  File "D:\Dev\Odoo\mvis1\odoo\models.py", line 7208, in _modified
    tree = self.pool.get_trigger_tree(fields, select=select)
  File "D:\Dev\Odoo\mvis1\odoo\modules\registry.py", line 420, in get_trigger_tree
    if field in self._field_triggers
  File "D:\Dev\Odoo\mvis1\odoo\tools\func.py", line 42, in __get__
    value = self.fget(obj)
  File "D:\Dev\Odoo\mvis1\odoo\modules\registry.py", line 514, in _field_triggers
    dependencies = list(field.resolve_depends(self))
  File "D:\Dev\Odoo\mvis1\odoo\fields.py", line 823, in resolve_depends
    warnings.warn(f"Field {self} should be declared with recursive=True")
 
2026-03-16 15:57:16,966 26512 INFO odoo18v3 odoo.schema: Keep unexpected index res_users__create_date_index on table res_users 
2026-03-16 15:57:16,993 26512 WARNING odoo18v3 odoo.modules.loading: File views/aps_dashboard_views.xml is imported twice in module aps_sis data 
2026-03-16 15:57:16,993 26512 INFO odoo18v3 odoo.modules.loading: loading aps_sis/security/groups.xml 
2026-03-16 15:57:16,999 26512 INFO odoo18v3 odoo.modules.loading: loading aps_sis/security/ir.model.access.csv 
2026-03-16 15:57:17,042 26512 INFO odoo18v3 odoo.modules.loading: loading aps_sis/security/aps_sis_security.xml 
2026-03-16 15:57:17,053 26512 INFO odoo18v3 odoo.modules.loading: loading aps_sis/data/cron.xml 
2026-03-16 15:57:17,084 26512 INFO odoo18v3 odoo.modules.loading: loading aps_sis/data/email_templates.xml 
2026-03-16 15:57:17,092 26512 INFO odoo18v3 odoo.modules.loading: loading aps_sis/data/subject_categories.xml 
2026-03-16 15:57:17,097 26512 INFO odoo18v3 odoo.modules.loading: loading aps_sis/views/aps_resource_custom_name_views.xml 
2026-03-16 15:57:17,125 26512 INFO odoo18v3 odoo.modules.loading: loading aps_sis/views/portal_templates.xml 
2026-03-16 15:57:17,141 26512 INFO odoo18v3 odoo.modules.loading: loading aps_sis/views/aps_resources_views.xml 
2026-03-16 15:57:17,194 26512 INFO odoo18v3 odoo.modules.loading: loading aps_sis/views/aps_resource_types_views.xml 
2026-03-16 15:57:17,206 26512 INFO odoo18v3 odoo.modules.loading: loading aps_sis/views/aps_resource_tags_views.xml 
2026-03-16 15:57:17,219 26512 INFO odoo18v3 odoo.modules.loading: loading aps_sis/views/aps_assign_students_wizard_views.xml 
2026-03-16 15:57:17,228 26512 INFO odoo18v3 odoo.modules.loading: loading aps_sis/views/aps_resource_task_views.xml 
2026-03-16 15:57:17,264 26512 INFO odoo18v3 odoo.modules.loading: loading aps_sis/views/aps_resource_submission_views.xml 
2026-03-16 15:57:17,291 26512 WARNING odoo18v3 odoo.addons.base.models.ir_ui_view: 'kanban-box' is deprecated, define a 'card' template instead 
2026-03-16 15:57:17,301 26512 INFO odoo18v3 odoo.modules.loading: loading aps_sis/views/aps_resource_submission_views_for_students.xml 
2026-03-16 15:57:17,350 26512 INFO odoo18v3 odoo.modules.loading: loading aps_sis/views/aps_resource_notes_popup_views.xml 
2026-03-16 15:57:17,362 26512 INFO odoo18v3 odoo.modules.loading: loading aps_sis/views/aps_dashboard_views.xml 
2026-03-16 15:57:17,369 26512 INFO odoo18v3 odoo.modules.loading: loading aps_sis/views/aps_submission_mass_update_wizard_views.xml 
2026-03-16 15:57:17,381 26512 INFO odoo18v3 odoo.modules.loading: loading aps_sis/views/aps_resource_mass_update_wizard_views.xml 
2026-03-16 15:57:17,393 26512 INFO odoo18v3 odoo.modules.loading: loading aps_sis/views/aps_subject_category_views.xml 
2026-03-16 15:57:17,417 26512 INFO odoo18v3 odoo.modules.loading: loading aps_sis/views/op_program_level_views.xml 
2026-03-16 15:57:17,444 26512 INFO odoo18v3 odoo.modules.loading: loading aps_sis/views/op_course_views.xml 
2026-03-16 15:57:17,486 26512 INFO odoo18v3 odoo.modules.loading: loading aps_sis/views/op_subject_views.xml 
2026-03-16 15:57:17,508 26512 INFO odoo18v3 odoo.modules.loading: loading aps_sis/views/op_faculty_views.xml 
2026-03-16 15:57:17,528 26512 INFO odoo18v3 odoo.modules.loading: loading aps_sis/views/res_partner_views.xml 
2026-03-16 15:57:17,634 26512 INFO odoo18v3 odoo.modules.loading: loading aps_sis/views/aps_sis_menu.xml 
2026-03-16 15:57:17,758 26512 INFO odoo18v3 odoo.modules.loading: loading aps_sis/views/op_student_course_views.xml 
2026-03-16 15:57:17,792 26512 INFO odoo18v3 odoo.modules.loading: loading aps_sis/reports/submission_report.xml 
2026-03-16 15:57:17,806 26512 INFO odoo18v3 odoo.modules.loading: loading aps_sis/wizard/submission_report_wizard_views.xml 
2026-03-16 15:57:17,815 26512 INFO odoo18v3 odoo.modules.loading: loading aps_sis/views/aps_dashboard_views.xml 
2026-03-16 15:57:17,826 26512 INFO odoo18v3 odoo.addons.base.models.ir_module: module aps_sis: no translation for language en_GB 
2026-03-16 15:57:17,861 26512 WARNING odoo18v3 odoo.modules.loading: The models ['aps.submission.report.wizard', 'aps.dashboard'] have no access rules in module aps_sis, consider adding some, like:
id,name,model_id:id,group_id:id,perm_read,perm_write,perm_create,perm_unlink
aps_sis.access_aps_submission_report_wizard,access_aps_submission_report_wizard,aps_sis.model_aps_submission_report_wizard,base.group_user,1,0,0,0
aps_sis.access_aps_dashboard,access_aps_dashboard,aps_sis.model_aps_dashboard,base.group_user,1,0,0,0 
2026-03-16 15:57:17,871 26512 INFO odoo18v3 odoo.modules.loading: Module aps_sis loaded in 1.63s, 1284 queries (+1284 other) 
2026-03-16 15:57:17,992 26512 INFO odoo18v3 odoo.modules.loading: Loading module educational_games (173/188) 
2026-03-16 15:57:18,093 26512 WARNING odoo18v3 odoo.fields: hr.contract.state: selection=[('draft', 'New'), ('pending', 'Pending'), ('open', 'Running'), ('close', 'Expired'), ('cancel', 'Cancelled')] overrides existing selection; use selection_add instead 
2026-03-16 15:57:18,259 26512 WARNING odoo18v3 odoo.fields: Field hr.job.job_profile_brief: unknown parameter 'placeholder', if this is an actual parameter you may want to override the method _valid_field_parameter on the relevant model in order to allow it 
2026-03-16 15:57:18,259 26512 WARNING odoo18v3 odoo.fields: Field hr.job.job_profile: unknown parameter 'placeholder', if this is an actual parameter you may want to override the method _valid_field_parameter on the relevant model in order to allow it 
2026-03-16 15:57:18,259 26512 WARNING odoo18v3 odoo.fields: Field hr.job.job_profile_introduction: unknown parameter 'placeholder', if this is an actual parameter you may want to override the method _valid_field_parameter on the relevant model in order to allow it 
2026-03-16 15:57:18,274 26512 WARNING odoo18v3 odoo.fields: Field aps.resource.task.state: unknown parameter 'decoration_success', if this is an actual parameter you may want to override the method _valid_field_parameter on the relevant model in order to allow it 
2026-03-16 15:57:18,274 26512 WARNING odoo18v3 odoo.fields: Field aps.resource.task.state: unknown parameter 'decoration_warning', if this is an actual parameter you may want to override the method _valid_field_parameter on the relevant model in order to allow it 
2026-03-16 15:57:18,274 26512 WARNING odoo18v3 odoo.fields: Field aps.resource.task.state: unknown parameter 'decoration_info', if this is an actual parameter you may want to override the method _valid_field_parameter on the relevant model in order to allow it 
2026-03-16 15:57:18,274 26512 WARNING odoo18v3 odoo.fields: Field aps.resource.task.state: unknown parameter 'decoration_danger', if this is an actual parameter you may want to override the method _valid_field_parameter on the relevant model in order to allow it 
2026-03-16 15:57:18,274 26512 WARNING odoo18v3 odoo.fields: Field aps.assign.students.wizard.affected_resource_line_ids: unknown parameter 'order', if this is an actual parameter you may want to override the method _valid_field_parameter on the relevant model in order to allow it 
2026-03-16 15:57:18,461 26512 WARNING odoo18v3 odoo.fields: hr.contract.state: selection=[('draft', 'New'), ('pending', 'Pending'), ('open', 'Running'), ('close', 'Expired'), ('cancel', 'Cancelled')] overrides existing selection; use selection_add instead 
2026-03-16 15:57:18,540 26512 WARNING odoo18v3 odoo.fields: Field hr.job.job_profile_brief: unknown parameter 'placeholder', if this is an actual parameter you may want to override the method _valid_field_parameter on the relevant model in order to allow it 
2026-03-16 15:57:18,541 26512 WARNING odoo18v3 odoo.fields: Field hr.job.job_profile: unknown parameter 'placeholder', if this is an actual parameter you may want to override the method _valid_field_parameter on the relevant model in order to allow it 
2026-03-16 15:57:18,541 26512 WARNING odoo18v3 odoo.fields: Field hr.job.job_profile_introduction: unknown parameter 'placeholder', if this is an actual parameter you may want to override the method _valid_field_parameter on the relevant model in order to allow it 
2026-03-16 15:57:18,553 26512 WARNING odoo18v3 odoo.fields: Field aps.resource.task.state: unknown parameter 'decoration_success', if this is an actual parameter you may want to override the method _valid_field_parameter on the relevant model in order to allow it 
2026-03-16 15:57:18,553 26512 WARNING odoo18v3 odoo.fields: Field aps.resource.task.state: unknown parameter 'decoration_warning', if this is an actual parameter you may want to override the method _valid_field_parameter on the relevant model in order to allow it 
2026-03-16 15:57:18,553 26512 WARNING odoo18v3 odoo.fields: Field aps.resource.task.state: unknown parameter 'decoration_info', if this is an actual parameter you may want to override the method _valid_field_parameter on the relevant model in order to allow it 
2026-03-16 15:57:18,553 26512 WARNING odoo18v3 odoo.fields: Field aps.resource.task.state: unknown parameter 'decoration_danger', if this is an actual parameter you may want to override the method _valid_field_parameter on the relevant model in order to allow it 
2026-03-16 15:57:18,553 26512 WARNING odoo18v3 odoo.fields: Field aps.assign.students.wizard.affected_resource_line_ids: unknown parameter 'order', if this is an actual parameter you may want to override the method _valid_field_parameter on the relevant model in order to allow it 
2026-03-16 15:57:18,612 26512 INFO odoo18v3 odoo.modules.registry: module educational_games: creating or updating database tables 
2026-03-16 15:57:18,708 26512 INFO odoo18v3 odoo.modules.loading: loading educational_games/views/quiz_actions.xml 
2026-03-16 15:57:18,711 26512 INFO odoo18v3 odoo.modules.loading: loading educational_games/views/actions.xml 
2026-03-16 15:57:18,738 26512 INFO odoo18v3 odoo.models.unlink: User #1 deleted ir.actions.act_url records with IDs: [1131] 
2026-03-16 15:57:18,739 26512 INFO odoo18v3 odoo.modules.loading: loading educational_games/views/educational_games_menu.xml 
2026-03-16 15:57:18,773 26512 INFO odoo18v3 odoo.modules.loading: loading educational_games/views/educational_games_views.xml 
2026-03-16 15:57:18,785 26512 INFO odoo18v3 odoo.modules.loading: loading educational_games/views/quiz_views.xml 
2026-03-16 15:57:18,807 26512 INFO odoo18v3 odoo.modules.loading: loading educational_games/security/ir.model.access.csv 
2026-03-16 15:57:18,830 26512 INFO odoo18v3 odoo.addons.base.models.ir_module: module educational_games: no translation for language en_GB 
2026-03-16 15:57:18,846 26512 INFO odoo18v3 odoo.modules.loading: Module educational_games loaded in 0.85s, 250 queries (+250 other) 
2026-03-16 15:57:18,944 26512 INFO odoo18v3 odoo.modules.loading: 188 modules loaded in 4.22s, 1622 queries (+1622 extra) 
2026-03-16 15:57:18,946 26512 WARNING odoo18v3 odoo.modules.graph: module smile_odoo_editor_align: not installable, skipped 
2026-03-16 15:57:18,950 26512 INFO odoo18v3 odoo.modules.loading: loading 188 modules... 
2026-03-16 15:57:18,951 26512 INFO odoo18v3 odoo.modules.loading: 188 modules loaded in 0.00s, 0 queries (+0 extra) 
2026-03-16 15:57:18,952 26512 WARNING odoo18v3 odoo.modules.graph: module smile_odoo_editor_align: not installable, skipped 
2026-03-16 15:57:18,956 26512 INFO odoo18v3 odoo.modules.loading: loading 188 modules... 
2026-03-16 15:57:18,956 26512 INFO odoo18v3 odoo.modules.loading: 188 modules loaded in 0.00s, 0 queries (+0 extra) 
2026-03-16 15:57:19,077 26512 WARNING odoo18v3 odoo.fields: hr.contract.state: selection=[('draft', 'New'), ('pending', 'Pending'), ('open', 'Running'), ('close', 'Expired'), ('cancel', 'Cancelled')] overrides existing selection; use selection_add instead 
2026-03-16 15:57:19,148 26512 WARNING odoo18v3 odoo.fields: Field hr.job.job_profile_brief: unknown parameter 'placeholder', if this is an actual parameter you may want to override the method _valid_field_parameter on the relevant model in order to allow it 
2026-03-16 15:57:19,148 26512 WARNING odoo18v3 odoo.fields: Field hr.job.job_profile: unknown parameter 'placeholder', if this is an actual parameter you may want to override the method _valid_field_parameter on the relevant model in order to allow it 
2026-03-16 15:57:19,148 26512 WARNING odoo18v3 odoo.fields: Field hr.job.job_profile_introduction: unknown parameter 'placeholder', if this is an actual parameter you may want to override the method _valid_field_parameter on the relevant model in order to allow it 
2026-03-16 15:57:19,165 26512 WARNING odoo18v3 odoo.fields: Field aps.resource.task.state: unknown parameter 'decoration_success', if this is an actual parameter you may want to override the method _valid_field_parameter on the relevant model in order to allow it 
2026-03-16 15:57:19,165 26512 WARNING odoo18v3 odoo.fields: Field aps.resource.task.state: unknown parameter 'decoration_warning', if this is an actual parameter you may want to override the method _valid_field_parameter on the relevant model in order to allow it 
2026-03-16 15:57:19,165 26512 WARNING odoo18v3 odoo.fields: Field aps.resource.task.state: unknown parameter 'decoration_info', if this is an actual parameter you may want to override the method _valid_field_parameter on the relevant model in order to allow it 
2026-03-16 15:57:19,165 26512 WARNING odoo18v3 odoo.fields: Field aps.resource.task.state: unknown parameter 'decoration_danger', if this is an actual parameter you may want to override the method _valid_field_parameter on the relevant model in order to allow it 
2026-03-16 15:57:19,166 26512 WARNING odoo18v3 odoo.fields: Field aps.assign.students.wizard.affected_resource_line_ids: unknown parameter 'order', if this is an actual parameter you may want to override the method _valid_field_parameter on the relevant model in order to allow it 
2026-03-16 15:57:19,457 26512 WARNING odoo18v3 odoo.fields: hr.contract.state: selection=[('draft', 'New'), ('pending', 'Pending'), ('open', 'Running'), ('close', 'Expired'), ('cancel', 'Cancelled')] overrides existing selection; use selection_add instead 
2026-03-16 15:57:19,523 26512 WARNING odoo18v3 odoo.fields: Field hr.job.job_profile_brief: unknown parameter 'placeholder', if this is an actual parameter you may want to override the method _valid_field_parameter on the relevant model in order to allow it 
2026-03-16 15:57:19,523 26512 WARNING odoo18v3 odoo.fields: Field hr.job.job_profile: unknown parameter 'placeholder', if this is an actual parameter you may want to override the method _valid_field_parameter on the relevant model in order to allow it 
2026-03-16 15:57:19,524 26512 WARNING odoo18v3 odoo.fields: Field hr.job.job_profile_introduction: unknown parameter 'placeholder', if this is an actual parameter you may want to override the method _valid_field_parameter on the relevant model in order to allow it 
2026-03-16 15:57:19,545 26512 WARNING odoo18v3 odoo.fields: Field aps.resource.task.state: unknown parameter 'decoration_success', if this is an actual parameter you may want to override the method _valid_field_parameter on the relevant model in order to allow it 
2026-03-16 15:57:19,545 26512 WARNING odoo18v3 odoo.fields: Field aps.resource.task.state: unknown parameter 'decoration_warning', if this is an actual parameter you may want to override the method _valid_field_parameter on the relevant model in order to allow it 
2026-03-16 15:57:19,545 26512 WARNING odoo18v3 odoo.fields: Field aps.resource.task.state: unknown parameter 'decoration_info', if this is an actual parameter you may want to override the method _valid_field_parameter on the relevant model in order to allow it 
2026-03-16 15:57:19,545 26512 WARNING odoo18v3 odoo.fields: Field aps.resource.task.state: unknown parameter 'decoration_danger', if this is an actual parameter you may want to override the method _valid_field_parameter on the relevant model in order to allow it 
2026-03-16 15:57:19,545 26512 WARNING odoo18v3 odoo.fields: Field aps.assign.students.wizard.affected_resource_line_ids: unknown parameter 'order', if this is an actual parameter you may want to override the method _valid_field_parameter on the relevant model in order to allow it 
2026-03-16 15:57:19,605 26512 ERROR odoo18v3 odoo.modules.loading: Some modules are not loaded, some dependencies or manifest may be missing: ['smile_odoo_editor_align'] 
2026-03-16 15:57:19,898 26512 INFO odoo18v3 odoo.modules.registry: verifying fields for every extended model 
2026-03-16 15:57:19,931 26512 WARNING odoo18v3 odoo.addons.base.models.ir_model: Two fields (course_detail_ids_filtered, course_detail_ids) of op.student() have the same label: Course Details. [Modules: aps_sis and openeducat_core] 
2026-03-16 15:57:21,263 26512 INFO odoo18v3 odoo.modules.loading: Modules loaded. 
2026-03-16 15:57:21,274 26512 INFO odoo18v3 odoo.modules.registry: Registry changed, signaling through the database 
2026-03-16 15:57:21,275 26512 INFO odoo18v3 odoo.modules.registry: Registry loaded in 8.104s 
2026-03-16 15:57:21,277 26512 INFO odoo18v3 odoo.service.server: Initiating shutdown 
2026-03-16 15:57:21,277 26512 INFO odoo18v3 odoo.service.server: Hit CTRL-C again or send a second signal to force the shutdown. 
2026-03-16 15:57:21,277 26512 INFO odoo18v3 odoo.sql_db: ConnectionPool(read/write;used=0/count=0/max=64): Closed 1 connections  
